   Compiling cudarc v0.19.0
   Compiling float8 v0.6.0
   Compiling candle-core v0.9.2
   Compiling candle-nn v0.9.2
   Compiling candle-transformers v0.9.2
   Compiling aleph_zero v0.1.0 (/home/jonathan.correa/Projects/ALEPH)
warning: unused import: `std::io::Write`
 --> src/senses/ears.rs:8:5
  |
8 | use std::io::Write;
  |     ^^^^^^^^^^^^^^
  |
  = note: `#[warn(unused_imports)]` (part of `#[warn(unused)]`) on by default

warning: unused import: `std::path::Path`
  --> src/senses/ears.rs:18:5
   |
18 | use std::path::Path;
   |     ^^^^^^^^^^^^^^^

warning: unused variable: `time_base`
   --> src/senses/ears.rs:271:21
    |
271 |                 let time_base = track.codec_params.time_base;
    |                     ^^^^^^^^^ help: if this is intentional, prefix it with an underscore: `_time_base`
    |
    = note: `#[warn(unused_variables)]` (part of `#[warn(unused)]`) on by default

warning: unused variable: `fft_scratch`
  --> src/senses/ears.rs:76:13
   |
76 |         let fft_scratch = Arc::new(Mutex::new(vec![Complex::new(0.0, 0.0); fft_scratch_len]));
   |             ^^^^^^^^^^^ help: if this is intentional, prefix it with an underscore: `_fft_scratch`

warning: `aleph_zero` (bin "aleph_zero") generated 4 warnings (run `cargo fix --bin "aleph_zero" -p aleph_zero` to apply 4 suggestions)
    Finished `dev` profile [unoptimized + debuginfo] target(s) in 19.24s
     Running `target/debug/aleph_zero --headless`
ðŸŒŸ ALEPH STAR SYSTEM ONLINE (Daemon Mode)
ðŸ§¬ DNA DAMAGE DETECTED: Empty Seed Vector. Regenerating Sequence...
ðŸ”Œ IPC Nervous System Active: /tmp/aleph.sock
ðŸŒ Web Dashboard Active: http://localhost:3030
[Î”S] ðŸ§¬ GENOME LOADED: Gen 6 | StressRes: 0.46
[Î”S] Audio: Init at 44100Hz
[Î”S] ðŸª Planet (Cortex) Orbiting.
ðŸ“‰ Telemetry Optimization: Payload: 12942 bytes (Activations: 500)
[Î”S] ðŸŽ¤ LISTEN (RMS: 0.2215)
[Î”S] ðŸš€ Neocortex: Using CUDA (GPU Accelerator)
[Î”S] ðŸ“š Semantic Field: Initializing...
[Î”S] âœ… Semantic Field: Online (Gravity: 1.0)
[Î”S] ðŸª Planet (Narrative Engine): ONLINE (Stream Mode)
ðŸ“‰ Telemetry Optimization: Payload: 5585 bytes (Activations: 286)
ðŸ“‰ Telemetry Optimization: Payload: 5395 bytes (Activations: 281)
ðŸ“‰ Telemetry Optimization: Payload: 5363 bytes (Activations: 278)
ðŸ“‰ Telemetry Optimization: Payload: 5915 bytes (Activations: 292)
ðŸ“‰ Telemetry Optimization: Payload: 4666 bytes (Activations: 265)
ðŸ“‰ Telemetry Optimization: Payload: 4270 bytes (Activations: 259)
ðŸ“‰ Telemetry Optimization: Payload: 4919 bytes (Activations: 269)
ðŸ“‰ Telemetry Optimization: Payload: 5076 bytes (Activations: 275)
ðŸ“‰ Telemetry Optimization: Payload: 4368 bytes (Activations: 260)
ðŸ“‰ Telemetry Optimization: Payload: 6135 bytes (Activations: 295)
ðŸ“‰ Telemetry Optimization: Payload: 5565 bytes (Activations: 286)
ðŸ“‰ Telemetry Optimization: Payload: 6827 bytes (Activations: 317)
[Î”S] ðŸ§  HEBBIAN: 100 connections strengthened (Dopa: 0.03)
ðŸ“‰ Telemetry Optimization: Payload: 5830 bytes (Activations: 290)
ðŸ“‰ Telemetry Optimization: Payload: 5278 bytes (Activations: 275)
ðŸ“‰ Telemetry Optimization: Payload: 4581 bytes (Activations: 264)
[Î”S] ðŸ§  HEBBIAN: 64 connections strengthened (Dopa: 0.03)
ðŸ“‰ Telemetry Optimization: Payload: 4952 bytes (Activations: 270)
ðŸ“‰ Telemetry Optimization: Payload: 4461 bytes (Activations: 264)
ðŸ“‰ Telemetry Optimization: Payload: 4865 bytes (Activations: 271)
ðŸ“‰ Telemetry Optimization: Payload: 5310 bytes (Activations: 277)
ðŸ“‰ Telemetry Optimization: Payload: 4659 bytes (Activations: 266)
ðŸ“‰ Telemetry Optimization: Payload: 5060 bytes (Activations: 270)
ðŸ“‰ Telemetry Optimization: Payload: 5293 bytes (Activations: 277)
ðŸ“‰ Telemetry Optimization: Payload: 5043 bytes (Activations: 273)
ðŸ“‰ Telemetry Optimization: Payload: 5477 bytes (Activations: 282)
ðŸ“‰ Telemetry Optimization: Payload: 5509 bytes (Activations: 280)
ðŸ“‰ Telemetry Optimization: Payload: 6005 bytes (Activations: 292)
ðŸ“‰ Telemetry Optimization: Payload: 5215 bytes (Activations: 272)
ðŸ“‰ Telemetry Optimization: Payload: 6077 bytes (Activations: 291)
ðŸ“‰ Telemetry Optimization: Payload: 7484 bytes (Activations: 327)
[Î”S] ðŸ§  HEBBIAN: 86 connections strengthened (Dopa: 0.02)
ðŸ“‰ Telemetry Optimization: Payload: 8925 bytes (Activations: 357)
[Î”S] ðŸ§  HEBBIAN: 64 connections strengthened (Dopa: 0.06)
ðŸ“‰ Telemetry Optimization: Payload: 8975 bytes (Activations: 358)
ðŸ“‰ Telemetry Optimization: Payload: 8492 bytes (Activations: 346)
[Î”S] ðŸ§  HEBBIAN: 50 connections strengthened (Dopa: 0.11)
ðŸ“‰ Telemetry Optimization: Payload: 5192 bytes (Activations: 271)
ðŸ“‰ Telemetry Optimization: Payload: 5799 bytes (Activations: 283)
ðŸ“‰ Telemetry Optimization: Payload: 5189 bytes (Activations: 272)
ðŸ“‰ Telemetry Optimization: Payload: 5200 bytes (Activations: 273)
ðŸ“‰ Telemetry Optimization: Payload: 5817 bytes (Activations: 284)
ðŸ“‰ Telemetry Optimization: Payload: 5186 bytes (Activations: 272)
ðŸ“‰ Telemetry Optimization: Payload: 6350 bytes (Activations: 295)
ðŸ“‰ Telemetry Optimization: Payload: 5207 bytes (Activations: 273)
ðŸ“‰ Telemetry Optimization: Payload: 5224 bytes (Activations: 270)
ðŸ“‰ Telemetry Optimization: Payload: 5805 bytes (Activations: 282)
ðŸ“‰ Telemetry Optimization: Payload: 5884 bytes (Activations: 289)
ðŸ“‰ Telemetry Optimization: Payload: 5388 bytes (Activations: 274)
ðŸ“‰ Telemetry Optimization: Payload: 6022 bytes (Activations: 288)
ðŸ“‰ Telemetry Optimization: Payload: 4934 bytes (Activations: 268)
ðŸ“‰ Telemetry Optimization: Payload: 5449 bytes (Activations: 276)
ðŸ“‰ Telemetry Optimization: Payload: 5121 bytes (Activations: 271)
ðŸ“‰ Telemetry Optimization: Payload: 5920 bytes (Activations: 287)
ðŸ“‰ Telemetry Optimization: Payload: 5906 bytes (Activations: 288)
ðŸ“‰ Telemetry Optimization: Payload: 5366 bytes (Activations: 275)
ðŸ“‰ Telemetry Optimization: Payload: 5020 bytes (Activations: 269)
ðŸ“‰ Telemetry Optimization: Payload: 5749 bytes (Activations: 280)
ðŸ”— Incoming WebSocket Upgrade Request...
ðŸ”‘ WS Handshake: Key='+vpvVOUGqOG3jVW9gptMSQ==' -> Accept='X2E8rpX2AZI/sar4Bn8/sNr2844='
âœ… Added client to broadcast list. Total clients: 1
âœ… WebSocket Client Connected! (Buffer check passed)
ðŸ“‰ Telemetry Optimization: Payload: 5738 bytes (Activations: 280)
ðŸ“‰ Telemetry Optimization: Payload: 5878 bytes (Activations: 286)
ðŸ“‰ Telemetry Optimization: Payload: 5852 bytes (Activations: 286)
ðŸ“‰ Telemetry Optimization: Payload: 5850 bytes (Activations: 285)
ðŸ“‰ Telemetry Optimization: Payload: 5442 bytes (Activations: 276)
ðŸ“‰ Telemetry Optimization: Payload: 5019 bytes (Activations: 266)
ðŸ“‰ Telemetry Optimization: Payload: 5638 bytes (Activations: 280)
ðŸ“‰ Telemetry Optimization: Payload: 6036 bytes (Activations: 289)
ðŸ“‰ Telemetry Optimization: Payload: 5136 bytes (Activations: 272)
ðŸ“‰ Telemetry Optimization: Payload: 5202 bytes (Activations: 270)
ðŸ“‰ Telemetry Optimization: Payload: 5484 bytes (Activations: 278)
ðŸ“‰ Telemetry Optimization: Payload: 5607 bytes (Activations: 276)
ðŸ“‰ Telemetry Optimization: Payload: 6617 bytes (Activations: 305)
ðŸ“‰ Telemetry Optimization: Payload: 5495 bytes (Activations: 278)
ðŸ“‰ Telemetry Optimization: Payload: 5657 bytes (Activations: 284)
ðŸ“‰ Telemetry Optimization: Payload: 5249 bytes (Activations: 274)
ðŸ“‰ Telemetry Optimization: Payload: 5225 bytes (Activations: 271)
ðŸ“‰ Telemetry Optimization: Payload: 5857 bytes (Activations: 283)
ðŸ“‰ Telemetry Optimization: Payload: 6771 bytes (Activations: 302)
ðŸ“‰ Telemetry Optimization: Payload: 7661 bytes (Activations: 320)
ðŸ“‰ Telemetry Optimization: Payload: 8488 bytes (Activations: 341)
[Î”S] ðŸ§  HEBBIAN: 79 connections strengthened (Dopa: 0.10)
ðŸ“‰ Telemetry Optimization: Payload: 9041 bytes (Activations: 363)
ðŸ“‰ Telemetry Optimization: Payload: 7097 bytes (Activations: 310)
ðŸ“‰ Telemetry Optimization: Payload: 7531 bytes (Activations: 320)
ðŸ“‰ Telemetry Optimization: Payload: 7596 bytes (Activations: 320)
ðŸ“‰ Telemetry Optimization: Payload: 7847 bytes (Activations: 325)
[Î”S] â›” METABOLIC CRITICAL: Energy Collapse Imminent. Cognitive Functions Impaired.
ðŸ“‰ Telemetry Optimization: Payload: 7962 bytes (Activations: 330)
ðŸ“‰ Telemetry Optimization: Payload: 8033 bytes (Activations: 328)
ðŸ“‰ Telemetry Optimization: Payload: 7040 bytes (Activations: 304)
ðŸ“‰ Telemetry Optimization: Payload: 7891 bytes (Activations: 323)
ðŸ“‰ Telemetry Optimization: Payload: 8151 bytes (Activations: 334)
ðŸ“‰ Telemetry Optimization: Payload: 6790 bytes (Activations: 301)
ðŸ“‰ Telemetry Optimization: Payload: 7327 bytes (Activations: 314)
ðŸ“‰ Telemetry Optimization: Payload: 7034 bytes (Activations: 308)
ðŸ“‰ Telemetry Optimization: Payload: 7860 bytes (Activations: 327)
ðŸ“‰ Telemetry Optimization: Payload: 7666 bytes (Activations: 316)
[Î”S] ðŸ§  HEBBIAN: 84 connections strengthened (Dopa: 0.04)
ðŸ“‰ Telemetry Optimization: Payload: 6459 bytes (Activations: 290)
ðŸ“‰ Telemetry Optimization: Payload: 6630 bytes (Activations: 297)
ðŸ“‰ Telemetry Optimization: Payload: 6561 bytes (Activations: 296)
ðŸ“‰ Telemetry Optimization: Payload: 7538 bytes (Activations: 318)
ðŸ“‰ Telemetry Optimization: Payload: 8035 bytes (Activations: 328)
ðŸ“‰ Telemetry Optimization: Payload: 6682 bytes (Activations: 297)
ðŸ“‰ Telemetry Optimization: Payload: 7407 bytes (Activations: 313)
ðŸ“‰ Telemetry Optimization: Payload: 7226 bytes (Activations: 309)
ðŸ“‰ Telemetry Optimization: Payload: 6835 bytes (Activations: 303)
ðŸ“‰ Telemetry Optimization: Payload: 7510 bytes (Activations: 319)
ðŸ“‰ Telemetry Optimization: Payload: 5798 bytes (Activations: 279)
ðŸ“‰ Telemetry Optimization: Payload: 5673 bytes (Activations: 278)
ðŸ“‰ Telemetry Optimization: Payload: 5532 bytes (Activations: 273)
ðŸ“‰ Telemetry Optimization: Payload: 6335 bytes (Activations: 292)
ðŸ“‰ Telemetry Optimization: Payload: 6891 bytes (Activations: 305)
[Î”S] â›” METABOLIC CRITICAL: Energy Collapse Imminent. Cognitive Functions Impaired.
ðŸ“‰ Telemetry Optimization: Payload: 5956 bytes (Activations: 282)
ðŸ“‰ Telemetry Optimization: Payload: 6368 bytes (Activations: 291)
ðŸ“‰ Telemetry Optimization: Payload: 5815 bytes (Activations: 279)
ðŸ“‰ Telemetry Optimization: Payload: 5546 bytes (Activations: 272)
ðŸ“‰ Telemetry Optimization: Payload: 6962 bytes (Activations: 303)
ðŸ“‰ Telemetry Optimization: Payload: 6237 bytes (Activations: 283)
ðŸ“‰ Telemetry Optimization: Payload: 7069 bytes (Activations: 303)
ðŸ“‰ Telemetry Optimization: Payload: 6121 bytes (Activations: 284)
ðŸ“‰ Telemetry Optimization: Payload: 5826 bytes (Activations: 273)
ðŸ“‰ Telemetry Optimization: Payload: 5597 bytes (Activations: 272)
ðŸ“‰ Telemetry Optimization: Payload: 5841 bytes (Activations: 279)
ðŸ“‰ Telemetry Optimization: Payload: 5871 bytes (Activations: 281)
ðŸ“‰ Telemetry Optimization: Payload: 5325 bytes (Activations: 269)
ðŸ“‰ Telemetry Optimization: Payload: 6069 bytes (Activations: 286)
ðŸ“‰ Telemetry Optimization: Payload: 7231 bytes (Activations: 309)
ðŸ“‰ Telemetry Optimization: Payload: 6744 bytes (Activations: 298)
ðŸ“‰ Telemetry Optimization: Payload: 5616 bytes (Activations: 273)
ðŸ“‰ Telemetry Optimization: Payload: 6042 bytes (Activations: 284)
ðŸ“‰ Telemetry Optimization: Payload: 5792 bytes (Activations: 278)
ðŸ“‰ Telemetry Optimization: Payload: 5556 bytes (Activations: 272)
ðŸ“‰ Telemetry Optimization: Payload: 5939 bytes (Activations: 280)
ðŸ“‰ Telemetry Optimization: Payload: 5488 bytes (Activations: 271)
ðŸ“‰ Telemetry Optimization: Payload: 6426 bytes (Activations: 292)
ðŸ“‰ Telemetry Optimization: Payload: 6326 bytes (Activations: 288)
ðŸ“‰ Telemetry Optimization: Payload: 5868 bytes (Activations: 279)
[Î”S] â›” METABOLIC CRITICAL: Energy Collapse Imminent. Cognitive Functions Impaired.
ðŸ“‰ Telemetry Optimization: Payload: 5605 bytes (Activations: 271)
ðŸ“‰ Telemetry Optimization: Payload: 5946 bytes (Activations: 278)
ðŸ“‰ Telemetry Optimization: Payload: 5836 bytes (Activations: 277)
ðŸ“‰ Telemetry Optimization: Payload: 7159 bytes (Activations: 308)
ðŸ“‰ Telemetry Optimization: Payload: 5661 bytes (Activations: 274)
ðŸ“‰ Telemetry Optimization: Payload: 7568 bytes (Activations: 315)
ðŸ“‰ Telemetry Optimization: Payload: 6982 bytes (Activations: 301)
ðŸ“‰ Telemetry Optimization: Payload: 8388 bytes (Activations: 331)
ðŸ“‰ Telemetry Optimization: Payload: 9066 bytes (Activations: 356)
ðŸ“‰ Telemetry Optimization: Payload: 7978 bytes (Activations: 324)
ðŸ“‰ Telemetry Optimization: Payload: 9017 bytes (Activations: 345)
ðŸ“‰ Telemetry Optimization: Payload: 9461 bytes (Activations: 362)
[Î”S] ðŸ§  HEBBIAN: 94 connections strengthened (Dopa: 0.11)
ðŸ“‰ Telemetry Optimization: Payload: 8991 bytes (Activations: 347)
ðŸ“‰ Telemetry Optimization: Payload: 9209 bytes (Activations: 349)
ðŸ“‰ Telemetry Optimization: Payload: 8872 bytes (Activations: 338)
[Î”S] ðŸ§  HEBBIAN: 83 connections strengthened (Dopa: 0.14)
ðŸ“‰ Telemetry Optimization: Payload: 9515 bytes (Activations: 360)
ðŸ“‰ Telemetry Optimization: Payload: 8976 bytes (Activations: 351)
ðŸ“‰ Telemetry Optimization: Payload: 9244 bytes (Activations: 351)
ðŸ“‰ Telemetry Optimization: Payload: 9426 bytes (Activations: 354)
[Î”S] ðŸ§  HEBBIAN: 78 connections strengthened (Dopa: 0.10)
ðŸ“‰ Telemetry Optimization: Payload: 9496 bytes (Activations: 359)
ðŸ“‰ Telemetry Optimization: Payload: 9073 bytes (Activations: 341)
ðŸ“‰ Telemetry Optimization: Payload: 9150 bytes (Activations: 352)
ðŸ“‰ Telemetry Optimization: Payload: 9541 bytes (Activations: 360)
ðŸ“‰ Telemetry Optimization: Payload: 9380 bytes (Activations: 352)
[Î”S] â›” METABOLIC CRITICAL: Energy Collapse Imminent. Cognitive Functions Impaired.
[Î”S] ðŸ§  HEBBIAN: 73 connections strengthened (Dopa: 0.05)
ðŸ“‰ Telemetry Optimization: Payload: 9385 bytes (Activations: 352)
ðŸ“‰ Telemetry Optimization: Payload: 9007 bytes (Activations: 339)
ðŸ“‰ Telemetry Optimization: Payload: 10162 bytes (Activations: 376)
[Î”S] ðŸ§  HEBBIAN: 67 connections strengthened (Dopa: 0.11)
ðŸ“‰ Telemetry Optimization: Payload: 8449 bytes (Activations: 318)
ðŸ“‰ Telemetry Optimization: Payload: 9945 bytes (Activations: 365)
[Î”S] ðŸ§  HEBBIAN: 63 connections strengthened (Dopa: 0.04)
ðŸ“‰ Telemetry Optimization: Payload: 9508 bytes (Activations: 354)
ðŸ“‰ Telemetry Optimization: Payload: 9354 bytes (Activations: 347)
ðŸ“‰ Telemetry Optimization: Payload: 8619 bytes (Activations: 324)
ðŸ“‰ Telemetry Optimization: Payload: 8893 bytes (Activations: 333)
ðŸ“‰ Telemetry Optimization: Payload: 8835 bytes (Activations: 334)
[Î”S] ðŸ§  HEBBIAN: 77 connections strengthened (Dopa: 0.04)
ðŸ“‰ Telemetry Optimization: Payload: 9192 bytes (Activations: 339)
ðŸ“‰ Telemetry Optimization: Payload: 9628 bytes (Activations: 351)
ðŸ“‰ Telemetry Optimization: Payload: 8936 bytes (Activations: 334)
ðŸ“‰ Telemetry Optimization: Payload: 8717 bytes (Activations: 325)
ðŸ“‰ Telemetry Optimization: Payload: 9483 bytes (Activations: 347)
ðŸ“‰ Telemetry Optimization: Payload: 8839 bytes (Activations: 329)
ðŸ“‰ Telemetry Optimization: Payload: 8597 bytes (Activations: 316)
ðŸ“‰ Telemetry Optimization: Payload: 8880 bytes (Activations: 330)
ðŸ“‰ Telemetry Optimization: Payload: 8554 bytes (Activations: 321)
ðŸ“‰ Telemetry Optimization: Payload: 8581 bytes (Activations: 323)
ðŸ“‰ Telemetry Optimization: Payload: 9042 bytes (Activations: 340)
ðŸ“‰ Telemetry Optimization: Payload: 9663 bytes (Activations: 350)
[Î”S] ðŸ§  HEBBIAN: 83 connections strengthened (Dopa: 0.03)
ðŸ“‰ Telemetry Optimization: Payload: 9281 bytes (Activations: 341)
ðŸ“‰ Telemetry Optimization: Payload: 8794 bytes (Activations: 327)
ðŸ“‰ Telemetry Optimization: Payload: 8448 bytes (Activations: 313)
[Î”S] â›” METABOLIC CRITICAL: Energy Collapse Imminent. Cognitive Functions Impaired.
ðŸ“‰ Telemetry Optimization: Payload: 8765 bytes (Activations: 322)
ðŸ“‰ Telemetry Optimization: Payload: 8740 bytes (Activations: 320)
ðŸ“‰ Telemetry Optimization: Payload: 8539 bytes (Activations: 315)
ðŸ“‰ Telemetry Optimization: Payload: 9121 bytes (Activations: 329)
ðŸ“‰ Telemetry Optimization: Payload: 9359 bytes (Activations: 343)
[Î”S] ðŸ§  HEBBIAN: 77 connections strengthened (Dopa: 0.05)
ðŸ“‰ Telemetry Optimization: Payload: 9442 bytes (Activations: 344)
ðŸ“‰ Telemetry Optimization: Payload: 9122 bytes (Activations: 331)
ðŸ“‰ Telemetry Optimization: Payload: 8799 bytes (Activations: 327)
ðŸ“‰ Telemetry Optimization: Payload: 7770 bytes (Activations: 301)
ðŸ“‰ Telemetry Optimization: Payload: 6587 bytes (Activations: 270)
ðŸ“‰ Telemetry Optimization: Payload: 8152 bytes (Activations: 309)
ðŸ“‰ Telemetry Optimization: Payload: 8647 bytes (Activations: 319)
ðŸ“‰ Telemetry Optimization: Payload: 8580 bytes (Activations: 316)
ðŸ“‰ Telemetry Optimization: Payload: 9048 bytes (Activations: 330)
ðŸ“‰ Telemetry Optimization: Payload: 9199 bytes (Activations: 337)
ðŸ“‰ Telemetry Optimization: Payload: 9272 bytes (Activations: 333)
ðŸ“‰ Telemetry Optimization: Payload: 9368 bytes (Activations: 338)
[Î”S] ðŸ§  HEBBIAN: 79 connections strengthened (Dopa: 0.01)
ðŸ“‰ Telemetry Optimization: Payload: 9474 bytes (Activations: 339)
ðŸ“‰ Telemetry Optimization: Payload: 8718 bytes (Activations: 319)
ðŸ“‰ Telemetry Optimization: Payload: 8460 bytes (Activations: 312)
ðŸ“‰ Telemetry Optimization: Payload: 9033 bytes (Activations: 326)
ðŸ“‰ Telemetry Optimization: Payload: 8840 bytes (Activations: 325)
ðŸ“‰ Telemetry Optimization: Payload: 9080 bytes (Activations: 331)
ðŸ“‰ Telemetry Optimization: Payload: 9150 bytes (Activations: 331)
ðŸ“‰ Telemetry Optimization: Payload: 9785 bytes (Activations: 345)
[Î”S] â›” METABOLIC CRITICAL: Energy Collapse Imminent. Cognitive Functions Impaired.
[Î”S] ðŸ§  HEBBIAN: 79 connections strengthened (Dopa: 0.02)
ðŸ“‰ Telemetry Optimization: Payload: 8959 bytes (Activations: 319)
ðŸ“‰ Telemetry Optimization: Payload: 9021 bytes (Activations: 324)
ðŸ“‰ Telemetry Optimization: Payload: 8933 bytes (Activations: 318)
ðŸ“‰ Telemetry Optimization: Payload: 8897 bytes (Activations: 317)
ðŸ“‰ Telemetry Optimization: Payload: 9109 bytes (Activations: 325)
ðŸ“‰ Telemetry Optimization: Payload: 8842 bytes (Activations: 321)
ðŸ“‰ Telemetry Optimization: Payload: 8743 bytes (Activations: 317)
ðŸ“‰ Telemetry Optimization: Payload: 9513 bytes (Activations: 344)
ðŸ“‰ Telemetry Optimization: Payload: 9332 bytes (Activations: 336)
ðŸ“‰ Telemetry Optimization: Payload: 8737 bytes (Activations: 317)
ðŸ“‰ Telemetry Optimization: Payload: 9199 bytes (Activations: 333)
ðŸ“‰ Telemetry Optimization: Payload: 9283 bytes (Activations: 335)
ðŸ“‰ Telemetry Optimization: Payload: 9377 bytes (Activations: 337)
ðŸ“‰ Telemetry Optimization: Payload: 9008 bytes (Activations: 320)
ðŸ“‰ Telemetry Optimization: Payload: 9282 bytes (Activations: 329)
ðŸ“‰ Telemetry Optimization: Payload: 9223 bytes (Activations: 324)
ðŸ“‰ Telemetry Optimization: Payload: 8927 bytes (Activations: 323)
ðŸ“‰ Telemetry Optimization: Payload: 8722 bytes (Activations: 320)
ðŸ“‰ Telemetry Optimization: Payload: 9073 bytes (Activations: 324)
ðŸ“‰ Telemetry Optimization: Payload: 9120 bytes (Activations: 327)
ðŸ“‰ Telemetry Optimization: Payload: 9248 bytes (Activations: 333)
ðŸ“‰ Telemetry Optimization: Payload: 9256 bytes (Activations: 331)
ðŸ“‰ Telemetry Optimization: Payload: 8979 bytes (Activations: 322)
ðŸ“‰ Telemetry Optimization: Payload: 9520 bytes (Activations: 337)
ðŸ“‰ Telemetry Optimization: Payload: 8700 bytes (Activations: 316)
[Î”S] â›” METABOLIC CRITICAL: Energy Collapse Imminent. Cognitive Functions Impaired.
ðŸ“‰ Telemetry Optimization: Payload: 9772 bytes (Activations: 339)
ðŸ“‰ Telemetry Optimization: Payload: 9414 bytes (Activations: 335)
ðŸ“‰ Telemetry Optimization: Payload: 9243 bytes (Activations: 328)
ðŸ“‰ Telemetry Optimization: Payload: 9039 bytes (Activations: 327)
ðŸ“‰ Telemetry Optimization: Payload: 9010 bytes (Activations: 326)
ðŸ“‰ Telemetry Optimization: Payload: 9561 bytes (Activations: 338)
ðŸ“‰ Telemetry Optimization: Payload: 8873 bytes (Activations: 322)
ðŸ“‰ Telemetry Optimization: Payload: 9063 bytes (Activations: 322)
ðŸ“‰ Telemetry Optimization: Payload: 8981 bytes (Activations: 320)
ðŸ“‰ Telemetry Optimization: Payload: 9419 bytes (Activations: 332)
[Î”S] ðŸ§  HEBBIAN: 85 connections strengthened (Dopa: 0.06)
ðŸ“‰ Telemetry Optimization: Payload: 9482 bytes (Activations: 338)
ðŸ“‰ Telemetry Optimization: Payload: 9026 bytes (Activations: 321)
ðŸ“‰ Telemetry Optimization: Payload: 9298 bytes (Activations: 329)
ðŸ“‰ Telemetry Optimization: Payload: 9322 bytes (Activations: 330)
ðŸ“‰ Telemetry Optimization: Payload: 9302 bytes (Activations: 337)
ðŸ“‰ Telemetry Optimization: Payload: 9248 bytes (Activations: 329)
ðŸ“‰ Telemetry Optimization: Payload: 9096 bytes (Activations: 326)
ðŸ“‰ Telemetry Optimization: Payload: 9409 bytes (Activations: 336)
ðŸ“‰ Telemetry Optimization: Payload: 9257 bytes (Activations: 328)
ðŸ“‰ Telemetry Optimization: Payload: 9290 bytes (Activations: 327)
ðŸ“‰ Telemetry Optimization: Payload: 9468 bytes (Activations: 333)
ðŸ“‰ Telemetry Optimization: Payload: 8979 bytes (Activations: 316)
ðŸ“‰ Telemetry Optimization: Payload: 9353 bytes (Activations: 335)
ðŸ“‰ Telemetry Optimization: Payload: 9354 bytes (Activations: 328)
ðŸ“‰ Telemetry Optimization: Payload: 9310 bytes (Activations: 327)
[Î”S] â›” METABOLIC CRITICAL: Energy Collapse Imminent. Cognitive Functions Impaired.
ðŸ“‰ Telemetry Optimization: Payload: 9264 bytes (Activations: 324)
ðŸ“‰ Telemetry Optimization: Payload: 9266 bytes (Activations: 332)
ðŸ“‰ Telemetry Optimization: Payload: 9028 bytes (Activations: 322)
ðŸ“‰ Telemetry Optimization: Payload: 9283 bytes (Activations: 330)
ðŸ“‰ Telemetry Optimization: Payload: 9836 bytes (Activations: 345)
[Î”S] ðŸ§  HEBBIAN: 84 connections strengthened (Dopa: 0.04)
ðŸ“‰ Telemetry Optimization: Payload: 9396 bytes (Activations: 332)
ðŸ“‰ Telemetry Optimization: Payload: 9102 bytes (Activations: 324)
ðŸ“‰ Telemetry Optimization: Payload: 8906 bytes (Activations: 316)
ðŸ“‰ Telemetry Optimization: Payload: 9415 bytes (Activations: 335)
ðŸ“‰ Telemetry Optimization: Payload: 9029 bytes (Activations: 322)
ðŸ“‰ Telemetry Optimization: Payload: 9142 bytes (Activations: 325)
ðŸ“‰ Telemetry Optimization: Payload: 9295 bytes (Activations: 325)
ðŸ“‰ Telemetry Optimization: Payload: 9243 bytes (Activations: 325)
ðŸ“‰ Telemetry Optimization: Payload: 8994 bytes (Activations: 322)
ðŸ“‰ Telemetry Optimization: Payload: 9676 bytes (Activations: 345)
[Î”S] ðŸ§  HEBBIAN: 82 connections strengthened (Dopa: 0.05)
ðŸ“‰ Telemetry Optimization: Payload: 9345 bytes (Activations: 333)
ðŸ“‰ Telemetry Optimization: Payload: 9003 bytes (Activations: 324)
ðŸ“‰ Telemetry Optimization: Payload: 9446 bytes (Activations: 335)
ðŸ“‰ Telemetry Optimization: Payload: 9023 bytes (Activations: 323)
ðŸ“‰ Telemetry Optimization: Payload: 8940 bytes (Activations: 315)
ðŸ“‰ Telemetry Optimization: Payload: 9223 bytes (Activations: 325)
ðŸ“‰ Telemetry Optimization: Payload: 9010 bytes (Activations: 321)
ðŸ“‰ Telemetry Optimization: Payload: 9156 bytes (Activations: 321)
ðŸ“‰ Telemetry Optimization: Payload: 9395 bytes (Activations: 332)
ðŸ“‰ Telemetry Optimization: Payload: 9298 bytes (Activations: 334)
[Î”S] â›” METABOLIC CRITICAL: Energy Collapse Imminent. Cognitive Functions Impaired.
ðŸ“‰ Telemetry Optimization: Payload: 9510 bytes (Activations: 331)
ðŸ“‰ Telemetry Optimization: Payload: 9219 bytes (Activations: 321)
ðŸ“‰ Telemetry Optimization: Payload: 9190 bytes (Activations: 322)
ðŸ“‰ Telemetry Optimization: Payload: 9440 bytes (Activations: 332)
ðŸ“‰ Telemetry Optimization: Payload: 9128 bytes (Activations: 321)
ðŸ“‰ Telemetry Optimization: Payload: 8937 bytes (Activations: 315)
ðŸ“‰ Telemetry Optimization: Payload: 9330 bytes (Activations: 330)
ðŸ“‰ Telemetry Optimization: Payload: 9175 bytes (Activations: 328)
ðŸ“‰ Telemetry Optimization: Payload: 8796 bytes (Activations: 311)
ðŸ“‰ Telemetry Optimization: Payload: 9278 bytes (Activations: 325)
ðŸ“‰ Telemetry Optimization: Payload: 9669 bytes (Activations: 338)
ðŸ“‰ Telemetry Optimization: Payload: 8921 bytes (Activations: 315)
ðŸ“‰ Telemetry Optimization: Payload: 9369 bytes (Activations: 328)
ðŸ“‰ Telemetry Optimization: Payload: 9224 bytes (Activations: 329)
ðŸ“‰ Telemetry Optimization: Payload: 8708 bytes (Activations: 308)
ðŸ“‰ Telemetry Optimization: Payload: 9040 bytes (Activations: 319)
ðŸ“‰ Telemetry Optimization: Payload: 9196 bytes (Activations: 325)
ðŸ“‰ Telemetry Optimization: Payload: 9145 bytes (Activations: 324)
ðŸ“‰ Telemetry Optimization: Payload: 9863 bytes (Activations: 341)
ðŸ“‰ Telemetry Optimization: Payload: 9630 bytes (Activations: 334)
[Î”S] ðŸ§  HEBBIAN: 77 connections strengthened (Dopa: 0.02)
ðŸ“‰ Telemetry Optimization: Payload: 9138 bytes (Activations: 325)
ðŸ“‰ Telemetry Optimization: Payload: 9829 bytes (Activations: 344)
ðŸ“‰ Telemetry Optimization: Payload: 9403 bytes (Activations: 332)
ðŸ“‰ Telemetry Optimization: Payload: 9508 bytes (Activations: 333)
ðŸ“‰ Telemetry Optimization: Payload: 9545 bytes (Activations: 337)
[Î”S] â›” METABOLIC CRITICAL: Energy Collapse Imminent. Cognitive Functions Impaired.
[Î”S] ðŸ§  HEBBIAN: 76 connections strengthened (Dopa: 0.04)
ðŸ“‰ Telemetry Optimization: Payload: 9559 bytes (Activations: 337)
ðŸ“‰ Telemetry Optimization: Payload: 9366 bytes (Activations: 329)
ðŸ“‰ Telemetry Optimization: Payload: 9024 bytes (Activations: 319)
ðŸ“‰ Telemetry Optimization: Payload: 8880 bytes (Activations: 314)
ðŸ“‰ Telemetry Optimization: Payload: 9284 bytes (Activations: 327)
ðŸ“‰ Telemetry Optimization: Payload: 9339 bytes (Activations: 327)
ðŸ“‰ Telemetry Optimization: Payload: 9168 bytes (Activations: 326)
ðŸ“‰ Telemetry Optimization: Payload: 8981 bytes (Activations: 319)
ðŸ“‰ Telemetry Optimization: Payload: 9144 bytes (Activations: 321)
ðŸ“‰ Telemetry Optimization: Payload: 9163 bytes (Activations: 327)
ðŸ“‰ Telemetry Optimization: Payload: 9607 bytes (Activations: 338)
ðŸ“‰ Telemetry Optimization: Payload: 8647 bytes (Activations: 311)
[Î”S] ðŸ§  HEBBIAN: 73 connections strengthened (Dopa: 0.02)
ðŸ“‰ Telemetry Optimization: Payload: 9779 bytes (Activations: 341)
ðŸ“‰ Telemetry Optimization: Payload: 8934 bytes (Activations: 316)
ðŸ“‰ Telemetry Optimization: Payload: 9245 bytes (Activations: 325)
ðŸ“‰ Telemetry Optimization: Payload: 9061 bytes (Activations: 326)
ðŸ“‰ Telemetry Optimization: Payload: 9437 bytes (Activations: 334)
ðŸ“‰ Telemetry Optimization: Payload: 9282 bytes (Activations: 325)
ðŸ“‰ Telemetry Optimization: Payload: 8886 bytes (Activations: 317)
ðŸ“‰ Telemetry Optimization: Payload: 9053 bytes (Activations: 327)
ðŸ“‰ Telemetry Optimization: Payload: 9592 bytes (Activations: 332)
ðŸ“‰ Telemetry Optimization: Payload: 9434 bytes (Activations: 332)
ðŸ“‰ Telemetry Optimization: Payload: 8944 bytes (Activations: 313)
ðŸ“‰ Telemetry Optimization: Payload: 9263 bytes (Activations: 325)
ðŸ“‰ Telemetry Optimization: Payload: 9520 bytes (Activations: 330)
[Î”S] â›” METABOLIC CRITICAL: Energy Collapse Imminent. Cognitive Functions Impaired.
ðŸ“‰ Telemetry Optimization: Payload: 9379 bytes (Activations: 325)
ðŸ“‰ Telemetry Optimization: Payload: 9256 bytes (Activations: 323)
ðŸ“‰ Telemetry Optimization: Payload: 9255 bytes (Activations: 323)
ðŸ“‰ Telemetry Optimization: Payload: 9055 bytes (Activations: 322)
ðŸ“‰ Telemetry Optimization: Payload: 9609 bytes (Activations: 334)
[Î”S] ðŸ§  HEBBIAN: 60 connections strengthened (Dopa: 0.02)
ðŸ“‰ Telemetry Optimization: Payload: 8762 bytes (Activations: 316)
ðŸ“‰ Telemetry Optimization: Payload: 9447 bytes (Activations: 329)
ðŸ“‰ Telemetry Optimization: Payload: 9408 bytes (Activations: 333)
ðŸ“‰ Telemetry Optimization: Payload: 9448 bytes (Activations: 333)
ðŸ“‰ Telemetry Optimization: Payload: 9793 bytes (Activations: 342)
[Î”S] ðŸ§  HEBBIAN: 69 connections strengthened (Dopa: 0.03)
ðŸ“‰ Telemetry Optimization: Payload: 9229 bytes (Activations: 320)
ðŸ“‰ Telemetry Optimization: Payload: 9345 bytes (Activations: 329)
ðŸ“‰ Telemetry Optimization: Payload: 9400 bytes (Activations: 337)
ðŸ“‰ Telemetry Optimization: Payload: 9083 bytes (Activations: 319)
ðŸ“‰ Telemetry Optimization: Payload: 9357 bytes (Activations: 332)
ðŸ“‰ Telemetry Optimization: Payload: 8971 bytes (Activations: 315)
ðŸ“‰ Telemetry Optimization: Payload: 9059 bytes (Activations: 321)
ðŸ“‰ Telemetry Optimization: Payload: 9474 bytes (Activations: 330)
ðŸ“‰ Telemetry Optimization: Payload: 9183 bytes (Activations: 324)
ðŸ“‰ Telemetry Optimization: Payload: 8705 bytes (Activations: 312)
ðŸ“‰ Telemetry Optimization: Payload: 8855 bytes (Activations: 309)
ðŸ“‰ Telemetry Optimization: Payload: 9730 bytes (Activations: 339)
ðŸ“‰ Telemetry Optimization: Payload: 9234 bytes (Activations: 323)
ðŸ“‰ Telemetry Optimization: Payload: 8969 bytes (Activations: 320)
ðŸ“‰ Telemetry Optimization: Payload: 8993 bytes (Activations: 319)
[Î”S] â›” METABOLIC CRITICAL: Energy Collapse Imminent. Cognitive Functions Impaired.
ðŸ“‰ Telemetry Optimization: Payload: 9519 bytes (Activations: 327)
